Removed Pin From Net: NetName=5V Pin=C1-1
Removed Pin From Net: NetName=GND Pin=C1-2
Removed Pin From Net: NetName=5V Pin=C2-1
Removed Pin From Net: NetName=GND Pin=C2-2
Removed Pin From Net: NetName=5V Pin=CON?-1
Removed Pin From Net: NetName=GND Pin=CON?-2
Removed Pin From Net: NetName=19V Pin=Hch1-2
Removed Pin From Net: NetName=19V Pin=Hch2-2
Removed Pin From Net: NetName=19V Pin=Hch3-2
Removed Pin From Net: NetName=19V Pin=Hch4-2
Removed Pin From Net: NetName=19V Pin=Hch5-2
Removed Pin From Net: NetName=19V Pin=Hch6-2
Removed Pin From Net: NetName=19V Pin=Hch7-2
Removed Pin From Net: NetName=19V Pin=Hch8-2
Removed Pin From Net: NetName=19V Pin=Hch9-2
Removed Pin From Net: NetName=19V Pin=Hch10-2
Removed Pin From Net: NetName=19V Pin=Hch11-2
Removed Pin From Net: NetName=19V Pin=Hch12-2
Removed Pin From Net: NetName=19V Pin=Hch13-2
Removed Pin From Net: NetName=19V Pin=Hch14-2
Removed Pin From Net: NetName=19V Pin=Hch15-2
Removed Pin From Net: NetName=19V Pin=Hch16-2
Removed Pin From Net: NetName=ROUT Pin=Q1-1
Removed Pin From Net: NetName=GND Pin=Q1-2
Removed Pin From Net: NetName=ROUT Pin=Q1-3
Removed Pin From Net: NetName=ROUT Pin=Q2-1
Removed Pin From Net: NetName=GND Pin=Q2-2
Removed Pin From Net: NetName=GND Pin=Q2ch1-2
Removed Pin From Net: NetName=GND Pin=Q2ch2-2
Removed Pin From Net: NetName=GND Pin=Q2ch3-2
Removed Pin From Net: NetName=GND Pin=Q2ch4-2
Removed Pin From Net: NetName=GND Pin=Q2ch5-2
Removed Pin From Net: NetName=GND Pin=Q2ch6-2
Removed Pin From Net: NetName=GND Pin=Q2ch7-2
Removed Pin From Net: NetName=GND Pin=Q2ch8-2
Removed Pin From Net: NetName=GND Pin=Q2ch9-2
Removed Pin From Net: NetName=GND Pin=Q2ch10-2
Removed Pin From Net: NetName=GND Pin=Q2ch11-2
Removed Pin From Net: NetName=GND Pin=Q2ch12-2
Removed Pin From Net: NetName=GND Pin=Q2ch13-2
Removed Pin From Net: NetName=GND Pin=Q2ch14-2
Removed Pin From Net: NetName=GND Pin=Q2ch15-2
Removed Pin From Net: NetName=GND Pin=Q2ch16-2
Removed Pin From Net: NetName=5V Pin=R1ch1-1
Removed Pin From Net: NetName=5V Pin=R1ch2-1
Removed Pin From Net: NetName=5V Pin=R1ch3-1
Removed Pin From Net: NetName=5V Pin=R1ch4-1
Removed Pin From Net: NetName=5V Pin=R1ch5-1
Removed Pin From Net: NetName=5V Pin=R1ch6-1
Removed Pin From Net: NetName=5V Pin=R1ch7-1
Removed Pin From Net: NetName=5V Pin=R1ch8-1
Removed Pin From Net: NetName=5V Pin=R1ch9-1
Removed Pin From Net: NetName=5V Pin=R1ch10-1
Removed Pin From Net: NetName=5V Pin=R1ch11-1
Removed Pin From Net: NetName=5V Pin=R1ch12-1
Removed Pin From Net: NetName=5V Pin=R1ch13-1
Removed Pin From Net: NetName=5V Pin=R1ch14-1
Removed Pin From Net: NetName=5V Pin=R1ch15-1
Removed Pin From Net: NetName=5V Pin=R1ch16-1
Removed Pin From Net: NetName=GND Pin=R2ch1-1
Removed Pin From Net: NetName=GND Pin=R2ch2-1
Removed Pin From Net: NetName=GND Pin=R2ch3-1
Removed Pin From Net: NetName=GND Pin=R2ch4-1
Removed Pin From Net: NetName=GND Pin=R2ch5-1
Removed Pin From Net: NetName=GND Pin=R2ch6-1
Removed Pin From Net: NetName=GND Pin=R2ch7-1
Removed Pin From Net: NetName=GND Pin=R2ch8-1
Removed Pin From Net: NetName=GND Pin=R2ch9-1
Removed Pin From Net: NetName=GND Pin=R2ch10-1
Removed Pin From Net: NetName=GND Pin=R2ch11-1
Removed Pin From Net: NetName=GND Pin=R2ch12-1
Removed Pin From Net: NetName=GND Pin=R2ch13-1
Removed Pin From Net: NetName=GND Pin=R2ch14-1
Removed Pin From Net: NetName=GND Pin=R2ch15-1
Removed Pin From Net: NetName=GND Pin=R2ch16-1
Added Pin To Net: NetName=19V Pin=Cd4-2
Added Pin To Net: NetName=19V Pin=Cd5-2
Added Pin To Net: NetName=ROUT Pin=Hd2-2
Added Pin To Net: NetName=19V Pin=U3-6
Change Room Name: Old Name=6th design New Name=step-up
Change Room Scope: Old Scope=InComponentClass('6th design') New Scope=InComponentClass('step-up')
Added Room: Name=digipot
