Added Component: Designator=C1(CC2012-0805)
Added Component: Designator=C2(CC2012-0805)
Added Component: Designator=Cch1(CC2012-0805)
Added Component: Designator=Cch2(CC2012-0805)
Added Component: Designator=Cch3(CC2012-0805)
Added Component: Designator=Cch4(CC2012-0805)
Added Component: Designator=Cch5(CC2012-0805)
Added Component: Designator=Cch6(CC2012-0805)
Added Component: Designator=Cch7(CC2012-0805)
Added Component: Designator=Cch8(CC2012-0805)
Added Component: Designator=Cch9(CC2012-0805)
Added Component: Designator=Cch10(CC2012-0805)
Added Component: Designator=Cch11(CC2012-0805)
Added Component: Designator=Cch12(CC2012-0805)
Added Component: Designator=Cch13(CC2012-0805)
Added Component: Designator=Cch14(CC2012-0805)
Added Component: Designator=Cch15(CC2012-0805)
Added Component: Designator=Cch16(CC2012-0805)
Added Component: Designator=Cd1(CC2012-0805)
Added Component: Designator=Cd2(CC2012-0805)
Added Component: Designator=CD3(CC2012-0805)
Added Component: Designator=Cd4(CC2012-0805)
Added Component: Designator=Cd5(CC2012-0805)
Added Component: Designator=CON?(Sockets Terminal Block 2Pin)
Added Component: Designator=digipot(HDR1X7)
Added Component: Designator=Hch1(HDR1X2)
Added Component: Designator=Hch2(HDR1X2)
Added Component: Designator=Hch3(HDR1X2)
Added Component: Designator=Hch4(HDR1X2)
Added Component: Designator=Hch5(HDR1X2)
Added Component: Designator=Hch6(HDR1X2)
Added Component: Designator=Hch7(HDR1X2)
Added Component: Designator=Hch8(HDR1X2)
Added Component: Designator=Hch9(HDR1X2)
Added Component: Designator=Hch10(HDR1X2)
Added Component: Designator=Hch11(HDR1X2)
Added Component: Designator=Hch12(HDR1X2)
Added Component: Designator=Hch13(HDR1X2)
Added Component: Designator=Hch14(HDR1X2)
Added Component: Designator=Hch15(HDR1X2)
Added Component: Designator=Hch16(HDR1X2)
Added Component: Designator=Hd1(HDR1X2)
Added Component: Designator=Hd2(HDR1X2)
Added Component: Designator=logicCh(HDR2X8_CEN)
Added Component: Designator=outCh(HDR2X8_CEN)
Added Component: Designator=Q1ch1(ONSC-SOT-23-3-318-08_V)
Added Component: Designator=Q1ch2(ONSC-SOT-23-3-318-08_V)
Added Component: Designator=Q1ch3(ONSC-SOT-23-3-318-08_V)
Added Component: Designator=Q1ch4(ONSC-SOT-23-3-318-08_V)
Added Component: Designator=Q1ch5(ONSC-SOT-23-3-318-08_V)
Added Component: Designator=Q1ch6(ONSC-SOT-23-3-318-08_V)
Added Component: Designator=Q1ch7(ONSC-SOT-23-3-318-08_V)
Added Component: Designator=Q1ch8(ONSC-SOT-23-3-318-08_V)
Added Component: Designator=Q1ch9(ONSC-SOT-23-3-318-08_V)
Added Component: Designator=Q1ch10(ONSC-SOT-23-3-318-08_V)
Added Component: Designator=Q1ch11(ONSC-SOT-23-3-318-08_V)
Added Component: Designator=Q1ch12(ONSC-SOT-23-3-318-08_V)
Added Component: Designator=Q1ch13(ONSC-SOT-23-3-318-08_V)
Added Component: Designator=Q1ch14(ONSC-SOT-23-3-318-08_V)
Added Component: Designator=Q1ch15(ONSC-SOT-23-3-318-08_V)
Added Component: Designator=Q1ch16(ONSC-SOT-23-3-318-08_V)
Added Component: Designator=Q1(ONSC-SOT-23-3-318-08_V)
Added Component: Designator=Q2ch1(ONSC-SOT-23-3-318-08_V)
Added Component: Designator=Q2ch2(ONSC-SOT-23-3-318-08_V)
Added Component: Designator=Q2ch3(ONSC-SOT-23-3-318-08_V)
Added Component: Designator=Q2ch4(ONSC-SOT-23-3-318-08_V)
Added Component: Designator=Q2ch5(ONSC-SOT-23-3-318-08_V)
Added Component: Designator=Q2ch6(ONSC-SOT-23-3-318-08_V)
Added Component: Designator=Q2ch7(ONSC-SOT-23-3-318-08_V)
Added Component: Designator=Q2ch8(ONSC-SOT-23-3-318-08_V)
Added Component: Designator=Q2ch9(ONSC-SOT-23-3-318-08_V)
Added Component: Designator=Q2ch10(ONSC-SOT-23-3-318-08_V)
Added Component: Designator=Q2ch11(ONSC-SOT-23-3-318-08_V)
Added Component: Designator=Q2ch12(ONSC-SOT-23-3-318-08_V)
Added Component: Designator=Q2ch13(ONSC-SOT-23-3-318-08_V)
Added Component: Designator=Q2ch14(ONSC-SOT-23-3-318-08_V)
Added Component: Designator=Q2ch15(ONSC-SOT-23-3-318-08_V)
Added Component: Designator=Q2ch16(ONSC-SOT-23-3-318-08_V)
Added Component: Designator=Q2(ONSC-SOT-23-3-318-08_V)
Added Component: Designator=Q3ch1(ONSC-SOT-23-3-318-08_V)
Added Component: Designator=Q3ch2(ONSC-SOT-23-3-318-08_V)
Added Component: Designator=Q3ch3(ONSC-SOT-23-3-318-08_V)
Added Component: Designator=Q3ch4(ONSC-SOT-23-3-318-08_V)
Added Component: Designator=Q3ch5(ONSC-SOT-23-3-318-08_V)
Added Component: Designator=Q3ch6(ONSC-SOT-23-3-318-08_V)
Added Component: Designator=Q3ch7(ONSC-SOT-23-3-318-08_V)
Added Component: Designator=Q3ch8(ONSC-SOT-23-3-318-08_V)
Added Component: Designator=Q3ch9(ONSC-SOT-23-3-318-08_V)
Added Component: Designator=Q3ch10(ONSC-SOT-23-3-318-08_V)
Added Component: Designator=Q3ch11(ONSC-SOT-23-3-318-08_V)
Added Component: Designator=Q3ch12(ONSC-SOT-23-3-318-08_V)
Added Component: Designator=Q3ch13(ONSC-SOT-23-3-318-08_V)
Added Component: Designator=Q3ch14(ONSC-SOT-23-3-318-08_V)
Added Component: Designator=Q3ch15(ONSC-SOT-23-3-318-08_V)
Added Component: Designator=Q3ch16(ONSC-SOT-23-3-318-08_V)
Added Component: Designator=R1ch1(CC2012-0805)
Added Component: Designator=R1ch2(CC2012-0805)
Added Component: Designator=R1ch3(CC2012-0805)
Added Component: Designator=R1ch4(CC2012-0805)
Added Component: Designator=R1ch5(CC2012-0805)
Added Component: Designator=R1ch6(CC2012-0805)
Added Component: Designator=R1ch7(CC2012-0805)
Added Component: Designator=R1ch8(CC2012-0805)
Added Component: Designator=R1ch9(CC2012-0805)
Added Component: Designator=R1ch10(CC2012-0805)
Added Component: Designator=R1ch11(CC2012-0805)
Added Component: Designator=R1ch12(CC2012-0805)
Added Component: Designator=R1ch13(CC2012-0805)
Added Component: Designator=R1ch14(CC2012-0805)
Added Component: Designator=R1ch15(CC2012-0805)
Added Component: Designator=R1ch16(CC2012-0805)
Added Component: Designator=R1(Panasonic_ERJ-A1BJ1R2U_0)
Added Component: Designator=Rd1(CC2012-0805)
Added Component: Designator=Rd2(CC2012-0805)
Added Component: Designator=U3(RU_14)
Added Pin To Net: NetName=5V Pin=C1-1
Added Pin To Net: NetName=GND Pin=C1-2
Added Pin To Net: NetName=5V Pin=C2-1
Added Pin To Net: NetName=GND Pin=C2-2
Added Pin To Net: NetName=NetCch1_1 Pin=Cch1-1
Added Pin To Net: NetName=CH1 Pin=Cch1-2
Added Pin To Net: NetName=NetCch2_1 Pin=Cch2-1
Added Pin To Net: NetName=CH2 Pin=Cch2-2
Added Pin To Net: NetName=NetCch3_1 Pin=Cch3-1
Added Pin To Net: NetName=CH3 Pin=Cch3-2
Added Pin To Net: NetName=NetCch4_1 Pin=Cch4-1
Added Pin To Net: NetName=CH4 Pin=Cch4-2
Added Pin To Net: NetName=NetCch5_1 Pin=Cch5-1
Added Pin To Net: NetName=CH5 Pin=Cch5-2
Added Pin To Net: NetName=NetCch6_1 Pin=Cch6-1
Added Pin To Net: NetName=CH6 Pin=Cch6-2
Added Pin To Net: NetName=NetCch7_1 Pin=Cch7-1
Added Pin To Net: NetName=CH7 Pin=Cch7-2
Added Pin To Net: NetName=NetCch8_1 Pin=Cch8-1
Added Pin To Net: NetName=CH8 Pin=Cch8-2
Added Pin To Net: NetName=NetCch9_1 Pin=Cch9-1
Added Pin To Net: NetName=CH9 Pin=Cch9-2
Added Pin To Net: NetName=NetCch10_1 Pin=Cch10-1
Added Pin To Net: NetName=CH10 Pin=Cch10-2
Added Pin To Net: NetName=NetCch11_1 Pin=Cch11-1
Added Pin To Net: NetName=CH11 Pin=Cch11-2
Added Pin To Net: NetName=NetCch12_1 Pin=Cch12-1
Added Pin To Net: NetName=CH12 Pin=Cch12-2
Added Pin To Net: NetName=NetCch13_1 Pin=Cch13-1
Added Pin To Net: NetName=CH13 Pin=Cch13-2
Added Pin To Net: NetName=NetCch14_1 Pin=Cch14-1
Added Pin To Net: NetName=CH14 Pin=Cch14-2
Added Pin To Net: NetName=NetCch15_1 Pin=Cch15-1
Added Pin To Net: NetName=CH15 Pin=Cch15-2
Added Pin To Net: NetName=NetCch16_1 Pin=Cch16-1
Added Pin To Net: NetName=CH16 Pin=Cch16-2
Added Pin To Net: NetName=3V Pin=Cd1-1
Added Pin To Net: NetName=GND Pin=Cd1-2
Added Pin To Net: NetName=3V Pin=Cd2-1
Added Pin To Net: NetName=GND Pin=Cd2-2
Added Pin To Net: NetName=GND Pin=CD3-1
Added Pin To Net: NetName=NetCD3_2 Pin=CD3-2
Added Pin To Net: NetName=GND Pin=Cd4-1
Added Pin To Net: NetName=GND Pin=Cd5-1
Added Pin To Net: NetName=5V Pin=CON?-1
Added Pin To Net: NetName=GND Pin=CON?-2
Added Pin To Net: NetName=MOSI Pin=digipot-1
Added Pin To Net: NetName=CLK Pin=digipot-2
Added Pin To Net: NetName=CS Pin=digipot-3
Added Pin To Net: NetName=MISO Pin=digipot-4
Added Pin To Net: NetName=RDY Pin=digipot-5
Added Pin To Net: NetName=3V Pin=digipot-6
Added Pin To Net: NetName=GND Pin=digipot-7
Added Pin To Net: NetName=NetHch1_1 Pin=Hch1-1
Added Pin To Net: NetName=19V Pin=Hch1-2
Added Pin To Net: NetName=NetHch2_1 Pin=Hch2-1
Added Pin To Net: NetName=19V Pin=Hch2-2
Added Pin To Net: NetName=NetHch3_1 Pin=Hch3-1
Added Pin To Net: NetName=19V Pin=Hch3-2
Added Pin To Net: NetName=NetHch4_1 Pin=Hch4-1
Added Pin To Net: NetName=19V Pin=Hch4-2
Added Pin To Net: NetName=NetHch5_1 Pin=Hch5-1
Added Pin To Net: NetName=19V Pin=Hch5-2
Added Pin To Net: NetName=NetHch6_1 Pin=Hch6-1
Added Pin To Net: NetName=19V Pin=Hch6-2
Added Pin To Net: NetName=NetHch7_1 Pin=Hch7-1
Added Pin To Net: NetName=19V Pin=Hch7-2
Added Pin To Net: NetName=NetHch8_1 Pin=Hch8-1
Added Pin To Net: NetName=19V Pin=Hch8-2
Added Pin To Net: NetName=NetHch9_1 Pin=Hch9-1
Added Pin To Net: NetName=19V Pin=Hch9-2
Added Pin To Net: NetName=NetHch10_1 Pin=Hch10-1
Added Pin To Net: NetName=19V Pin=Hch10-2
Added Pin To Net: NetName=NetHch11_1 Pin=Hch11-1
Added Pin To Net: NetName=19V Pin=Hch11-2
Added Pin To Net: NetName=NetHch12_1 Pin=Hch12-1
Added Pin To Net: NetName=19V Pin=Hch12-2
Added Pin To Net: NetName=NetHch13_1 Pin=Hch13-1
Added Pin To Net: NetName=19V Pin=Hch13-2
Added Pin To Net: NetName=NetHch14_1 Pin=Hch14-1
Added Pin To Net: NetName=19V Pin=Hch14-2
Added Pin To Net: NetName=NetHch15_1 Pin=Hch15-1
Added Pin To Net: NetName=19V Pin=Hch15-2
Added Pin To Net: NetName=NetHch16_1 Pin=Hch16-1
Added Pin To Net: NetName=19V Pin=Hch16-2
Added Pin To Net: NetName=NetHd1_1 Pin=Hd1-1
Added Pin To Net: NetName=RIN Pin=Hd1-2
Added Pin To Net: NetName=NetHd2_1 Pin=Hd2-1
Added Pin To Net: NetName=LOGICCH1 Pin=logicCh-1
Added Pin To Net: NetName=LOGICCH2 Pin=logicCh-2
Added Pin To Net: NetName=LOGICCH3 Pin=logicCh-3
Added Pin To Net: NetName=LOGICCH4 Pin=logicCh-4
Added Pin To Net: NetName=LOGICCH5 Pin=logicCh-5
Added Pin To Net: NetName=LOGICCH6 Pin=logicCh-6
Added Pin To Net: NetName=LOGICCH7 Pin=logicCh-7
Added Pin To Net: NetName=LOGICCH8 Pin=logicCh-8
Added Pin To Net: NetName=LOGICCH9 Pin=logicCh-9
Added Pin To Net: NetName=LOGICCH10 Pin=logicCh-10
Added Pin To Net: NetName=LOGICCH11 Pin=logicCh-11
Added Pin To Net: NetName=LOGICCH12 Pin=logicCh-12
Added Pin To Net: NetName=LOGICCH13 Pin=logicCh-13
Added Pin To Net: NetName=LOGICCH14 Pin=logicCh-14
Added Pin To Net: NetName=LOGICCH15 Pin=logicCh-15
Added Pin To Net: NetName=LOGICCH16 Pin=logicCh-16
Added Pin To Net: NetName=CH9 Pin=outCh-1
Added Pin To Net: NetName=CH10 Pin=outCh-2
Added Pin To Net: NetName=CH11 Pin=outCh-3
Added Pin To Net: NetName=CH12 Pin=outCh-4
Added Pin To Net: NetName=CH13 Pin=outCh-5
Added Pin To Net: NetName=CH14 Pin=outCh-6
Added Pin To Net: NetName=CH15 Pin=outCh-7
Added Pin To Net: NetName=CH16 Pin=outCh-8
Added Pin To Net: NetName=CH8 Pin=outCh-9
Added Pin To Net: NetName=CH7 Pin=outCh-10
Added Pin To Net: NetName=CH6 Pin=outCh-11
Added Pin To Net: NetName=CH5 Pin=outCh-12
Added Pin To Net: NetName=CH4 Pin=outCh-13
Added Pin To Net: NetName=CH3 Pin=outCh-14
Added Pin To Net: NetName=CH2 Pin=outCh-15
Added Pin To Net: NetName=CH1 Pin=outCh-16
Added Pin To Net: NetName=ROUT Pin=Q1-1
Added Pin To Net: NetName=GND Pin=Q1-2
Added Pin To Net: NetName=ROUT Pin=Q1-3
Added Pin To Net: NetName=LOGICCH1 Pin=Q1ch1-1
Added Pin To Net: NetName=NetCch1_1 Pin=Q1ch1-2
Added Pin To Net: NetName=NetHch1_1 Pin=Q1ch1-3
Added Pin To Net: NetName=LOGICCH2 Pin=Q1ch2-1
Added Pin To Net: NetName=NetCch2_1 Pin=Q1ch2-2
Added Pin To Net: NetName=NetHch2_1 Pin=Q1ch2-3
Added Pin To Net: NetName=LOGICCH3 Pin=Q1ch3-1
Added Pin To Net: NetName=NetCch3_1 Pin=Q1ch3-2
Added Pin To Net: NetName=NetHch3_1 Pin=Q1ch3-3
Added Pin To Net: NetName=LOGICCH4 Pin=Q1ch4-1
Added Pin To Net: NetName=NetCch4_1 Pin=Q1ch4-2
Added Pin To Net: NetName=NetHch4_1 Pin=Q1ch4-3
Added Pin To Net: NetName=LOGICCH5 Pin=Q1ch5-1
Added Pin To Net: NetName=NetCch5_1 Pin=Q1ch5-2
Added Pin To Net: NetName=NetHch5_1 Pin=Q1ch5-3
Added Pin To Net: NetName=LOGICCH6 Pin=Q1ch6-1
Added Pin To Net: NetName=NetCch6_1 Pin=Q1ch6-2
Added Pin To Net: NetName=NetHch6_1 Pin=Q1ch6-3
Added Pin To Net: NetName=LOGICCH7 Pin=Q1ch7-1
Added Pin To Net: NetName=NetCch7_1 Pin=Q1ch7-2
Added Pin To Net: NetName=NetHch7_1 Pin=Q1ch7-3
Added Pin To Net: NetName=LOGICCH8 Pin=Q1ch8-1
Added Pin To Net: NetName=NetCch8_1 Pin=Q1ch8-2
Added Pin To Net: NetName=NetHch8_1 Pin=Q1ch8-3
Added Pin To Net: NetName=LOGICCH9 Pin=Q1ch9-1
Added Pin To Net: NetName=NetCch9_1 Pin=Q1ch9-2
Added Pin To Net: NetName=NetHch9_1 Pin=Q1ch9-3
Added Pin To Net: NetName=LOGICCH10 Pin=Q1ch10-1
Added Pin To Net: NetName=NetCch10_1 Pin=Q1ch10-2
Added Pin To Net: NetName=NetHch10_1 Pin=Q1ch10-3
Added Pin To Net: NetName=LOGICCH11 Pin=Q1ch11-1
Added Pin To Net: NetName=NetCch11_1 Pin=Q1ch11-2
Added Pin To Net: NetName=NetHch11_1 Pin=Q1ch11-3
Added Pin To Net: NetName=LOGICCH12 Pin=Q1ch12-1
Added Pin To Net: NetName=NetCch12_1 Pin=Q1ch12-2
Added Pin To Net: NetName=NetHch12_1 Pin=Q1ch12-3
Added Pin To Net: NetName=LOGICCH13 Pin=Q1ch13-1
Added Pin To Net: NetName=NetCch13_1 Pin=Q1ch13-2
Added Pin To Net: NetName=NetHch13_1 Pin=Q1ch13-3
Added Pin To Net: NetName=LOGICCH14 Pin=Q1ch14-1
Added Pin To Net: NetName=NetCch14_1 Pin=Q1ch14-2
Added Pin To Net: NetName=NetHch14_1 Pin=Q1ch14-3
Added Pin To Net: NetName=LOGICCH15 Pin=Q1ch15-1
Added Pin To Net: NetName=NetCch15_1 Pin=Q1ch15-2
Added Pin To Net: NetName=NetHch15_1 Pin=Q1ch15-3
Added Pin To Net: NetName=LOGICCH16 Pin=Q1ch16-1
Added Pin To Net: NetName=NetCch16_1 Pin=Q1ch16-2
Added Pin To Net: NetName=NetHch16_1 Pin=Q1ch16-3
Added Pin To Net: NetName=ROUT Pin=Q2-1
Added Pin To Net: NetName=GND Pin=Q2-2
Added Pin To Net: NetName=OUT Pin=Q2-3
Added Pin To Net: NetName=LOGICCH1 Pin=Q2ch1-1
Added Pin To Net: NetName=GND Pin=Q2ch1-2
Added Pin To Net: NetName=NetQ2ch1_3 Pin=Q2ch1-3
Added Pin To Net: NetName=LOGICCH2 Pin=Q2ch2-1
Added Pin To Net: NetName=GND Pin=Q2ch2-2
Added Pin To Net: NetName=NetQ2ch2_3 Pin=Q2ch2-3
Added Pin To Net: NetName=LOGICCH3 Pin=Q2ch3-1
Added Pin To Net: NetName=GND Pin=Q2ch3-2
Added Pin To Net: NetName=NetQ2ch3_3 Pin=Q2ch3-3
Added Pin To Net: NetName=LOGICCH4 Pin=Q2ch4-1
Added Pin To Net: NetName=GND Pin=Q2ch4-2
Added Pin To Net: NetName=NetQ2ch4_3 Pin=Q2ch4-3
Added Pin To Net: NetName=LOGICCH5 Pin=Q2ch5-1
Added Pin To Net: NetName=GND Pin=Q2ch5-2
Added Pin To Net: NetName=NetQ2ch5_3 Pin=Q2ch5-3
Added Pin To Net: NetName=LOGICCH6 Pin=Q2ch6-1
Added Pin To Net: NetName=GND Pin=Q2ch6-2
Added Pin To Net: NetName=NetQ2ch6_3 Pin=Q2ch6-3
Added Pin To Net: NetName=LOGICCH7 Pin=Q2ch7-1
Added Pin To Net: NetName=GND Pin=Q2ch7-2
Added Pin To Net: NetName=NetQ2ch7_3 Pin=Q2ch7-3
Added Pin To Net: NetName=LOGICCH8 Pin=Q2ch8-1
Added Pin To Net: NetName=GND Pin=Q2ch8-2
Added Pin To Net: NetName=NetQ2ch8_3 Pin=Q2ch8-3
Added Pin To Net: NetName=LOGICCH9 Pin=Q2ch9-1
Added Pin To Net: NetName=GND Pin=Q2ch9-2
Added Pin To Net: NetName=NetQ2ch9_3 Pin=Q2ch9-3
Added Pin To Net: NetName=LOGICCH10 Pin=Q2ch10-1
Added Pin To Net: NetName=GND Pin=Q2ch10-2
Added Pin To Net: NetName=NetQ2ch10_3 Pin=Q2ch10-3
Added Pin To Net: NetName=LOGICCH11 Pin=Q2ch11-1
Added Pin To Net: NetName=GND Pin=Q2ch11-2
Added Pin To Net: NetName=NetQ2ch11_3 Pin=Q2ch11-3
Added Pin To Net: NetName=LOGICCH12 Pin=Q2ch12-1
Added Pin To Net: NetName=GND Pin=Q2ch12-2
Added Pin To Net: NetName=NetQ2ch12_3 Pin=Q2ch12-3
Added Pin To Net: NetName=LOGICCH13 Pin=Q2ch13-1
Added Pin To Net: NetName=GND Pin=Q2ch13-2
Added Pin To Net: NetName=NetQ2ch13_3 Pin=Q2ch13-3
Added Pin To Net: NetName=LOGICCH14 Pin=Q2ch14-1
Added Pin To Net: NetName=GND Pin=Q2ch14-2
Added Pin To Net: NetName=NetQ2ch14_3 Pin=Q2ch14-3
Added Pin To Net: NetName=LOGICCH15 Pin=Q2ch15-1
Added Pin To Net: NetName=GND Pin=Q2ch15-2
Added Pin To Net: NetName=NetQ2ch15_3 Pin=Q2ch15-3
Added Pin To Net: NetName=LOGICCH16 Pin=Q2ch16-1
Added Pin To Net: NetName=GND Pin=Q2ch16-2
Added Pin To Net: NetName=NetQ2ch16_3 Pin=Q2ch16-3
Added Pin To Net: NetName=NetQ2ch1_3 Pin=Q3ch1-1
Added Pin To Net: NetName=OUT Pin=Q3ch1-2
Added Pin To Net: NetName=NetCch1_1 Pin=Q3ch1-3
Added Pin To Net: NetName=NetQ2ch2_3 Pin=Q3ch2-1
Added Pin To Net: NetName=OUT Pin=Q3ch2-2
Added Pin To Net: NetName=NetCch2_1 Pin=Q3ch2-3
Added Pin To Net: NetName=NetQ2ch3_3 Pin=Q3ch3-1
Added Pin To Net: NetName=OUT Pin=Q3ch3-2
Added Pin To Net: NetName=NetCch3_1 Pin=Q3ch3-3
Added Pin To Net: NetName=NetQ2ch4_3 Pin=Q3ch4-1
Added Pin To Net: NetName=OUT Pin=Q3ch4-2
Added Pin To Net: NetName=NetCch4_1 Pin=Q3ch4-3
Added Pin To Net: NetName=NetQ2ch5_3 Pin=Q3ch5-1
Added Pin To Net: NetName=OUT Pin=Q3ch5-2
Added Pin To Net: NetName=NetCch5_1 Pin=Q3ch5-3
Added Pin To Net: NetName=NetQ2ch6_3 Pin=Q3ch6-1
Added Pin To Net: NetName=OUT Pin=Q3ch6-2
Added Pin To Net: NetName=NetCch6_1 Pin=Q3ch6-3
Added Pin To Net: NetName=NetQ2ch7_3 Pin=Q3ch7-1
Added Pin To Net: NetName=OUT Pin=Q3ch7-2
Added Pin To Net: NetName=NetCch7_1 Pin=Q3ch7-3
Added Pin To Net: NetName=NetQ2ch8_3 Pin=Q3ch8-1
Added Pin To Net: NetName=OUT Pin=Q3ch8-2
Added Pin To Net: NetName=NetCch8_1 Pin=Q3ch8-3
Added Pin To Net: NetName=NetQ2ch9_3 Pin=Q3ch9-1
Added Pin To Net: NetName=OUT Pin=Q3ch9-2
Added Pin To Net: NetName=NetCch9_1 Pin=Q3ch9-3
Added Pin To Net: NetName=NetQ2ch10_3 Pin=Q3ch10-1
Added Pin To Net: NetName=OUT Pin=Q3ch10-2
Added Pin To Net: NetName=NetCch10_1 Pin=Q3ch10-3
Added Pin To Net: NetName=NetQ2ch11_3 Pin=Q3ch11-1
Added Pin To Net: NetName=OUT Pin=Q3ch11-2
Added Pin To Net: NetName=NetCch11_1 Pin=Q3ch11-3
Added Pin To Net: NetName=NetQ2ch12_3 Pin=Q3ch12-1
Added Pin To Net: NetName=OUT Pin=Q3ch12-2
Added Pin To Net: NetName=NetCch12_1 Pin=Q3ch12-3
Added Pin To Net: NetName=NetQ2ch13_3 Pin=Q3ch13-1
Added Pin To Net: NetName=OUT Pin=Q3ch13-2
Added Pin To Net: NetName=NetCch13_1 Pin=Q3ch13-3
Added Pin To Net: NetName=NetQ2ch14_3 Pin=Q3ch14-1
Added Pin To Net: NetName=OUT Pin=Q3ch14-2
Added Pin To Net: NetName=NetCch14_1 Pin=Q3ch14-3
Added Pin To Net: NetName=NetQ2ch15_3 Pin=Q3ch15-1
Added Pin To Net: NetName=OUT Pin=Q3ch15-2
Added Pin To Net: NetName=NetCch15_1 Pin=Q3ch15-3
Added Pin To Net: NetName=NetQ2ch16_3 Pin=Q3ch16-1
Added Pin To Net: NetName=OUT Pin=Q3ch16-2
Added Pin To Net: NetName=NetCch16_1 Pin=Q3ch16-3
Added Pin To Net: NetName=GND Pin=R1-1
Added Pin To Net: NetName=NetR1_2 Pin=R1-2
Added Pin To Net: NetName=5V Pin=R1ch1-1
Added Pin To Net: NetName=NetQ2ch1_3 Pin=R1ch1-2
Added Pin To Net: NetName=5V Pin=R1ch2-1
Added Pin To Net: NetName=NetQ2ch2_3 Pin=R1ch2-2
Added Pin To Net: NetName=5V Pin=R1ch3-1
Added Pin To Net: NetName=NetQ2ch3_3 Pin=R1ch3-2
Added Pin To Net: NetName=5V Pin=R1ch4-1
Added Pin To Net: NetName=NetQ2ch4_3 Pin=R1ch4-2
Added Pin To Net: NetName=5V Pin=R1ch5-1
Added Pin To Net: NetName=NetQ2ch5_3 Pin=R1ch5-2
Added Pin To Net: NetName=5V Pin=R1ch6-1
Added Pin To Net: NetName=NetQ2ch6_3 Pin=R1ch6-2
Added Pin To Net: NetName=5V Pin=R1ch7-1
Added Pin To Net: NetName=NetQ2ch7_3 Pin=R1ch7-2
Added Pin To Net: NetName=5V Pin=R1ch8-1
Added Pin To Net: NetName=NetQ2ch8_3 Pin=R1ch8-2
Added Pin To Net: NetName=5V Pin=R1ch9-1
Added Pin To Net: NetName=NetQ2ch9_3 Pin=R1ch9-2
Added Pin To Net: NetName=5V Pin=R1ch10-1
Added Pin To Net: NetName=NetQ2ch10_3 Pin=R1ch10-2
Added Pin To Net: NetName=5V Pin=R1ch11-1
Added Pin To Net: NetName=NetQ2ch11_3 Pin=R1ch11-2
Added Pin To Net: NetName=5V Pin=R1ch12-1
Added Pin To Net: NetName=NetQ2ch12_3 Pin=R1ch12-2
Added Pin To Net: NetName=5V Pin=R1ch13-1
Added Pin To Net: NetName=NetQ2ch13_3 Pin=R1ch13-2
Added Pin To Net: NetName=5V Pin=R1ch14-1
Added Pin To Net: NetName=NetQ2ch14_3 Pin=R1ch14-2
Added Pin To Net: NetName=5V Pin=R1ch15-1
Added Pin To Net: NetName=NetQ2ch15_3 Pin=R1ch15-2
Added Pin To Net: NetName=5V Pin=R1ch16-1
Added Pin To Net: NetName=NetQ2ch16_3 Pin=R1ch16-2
Added Pin To Net: NetName=RDY Pin=Rd1-1
Added Pin To Net: NetName=3V Pin=Rd1-2
Added Pin To Net: NetName=3V Pin=Rd2-1
Added Pin To Net: NetName=MISO Pin=Rd2-2
Added Pin To Net: NetName=3V Pin=U3-1
Added Pin To Net: NetName=GND Pin=U3-2
Added Pin To Net: NetName=NetHd2_1 Pin=U3-4
Added Pin To Net: NetName=NetHd1_1 Pin=U3-5
Added Pin To Net: NetName=NetCD3_2 Pin=U3-7
Added Pin To Net: NetName=3V Pin=U3-8
Added Pin To Net: NetName=GND Pin=U3-9
Added Pin To Net: NetName=MOSI Pin=U3-10
Added Pin To Net: NetName=CLK Pin=U3-11
Added Pin To Net: NetName=CS Pin=U3-12
Added Pin To Net: NetName=MISO Pin=U3-13
Added Pin To Net: NetName=RDY Pin=U3-14
Added Member To Class: ClassName=6th design Member=Component C1 Cap-NP
Added Member To Class: ClassName=6th design Member=Component C2 Cap-NP
Added Member To Class: ClassName=6th design Member=Component Cch1 Cap-NP
Added Member To Class: ClassName=6th design Member=Component Cch2 Cap-NP
Added Member To Class: ClassName=6th design Member=Component Cch3 Cap-NP
Added Member To Class: ClassName=6th design Member=Component Cch4 Cap-NP
Added Member To Class: ClassName=6th design Member=Component Cch5 Cap-NP
Added Member To Class: ClassName=6th design Member=Component Cch6 Cap-NP
Added Member To Class: ClassName=6th design Member=Component Cch7 Cap-NP
Added Member To Class: ClassName=6th design Member=Component Cch8 Cap-NP
Added Member To Class: ClassName=6th design Member=Component Cch9 Cap-NP
Added Member To Class: ClassName=6th design Member=Component Cch10 Cap-NP
Added Member To Class: ClassName=6th design Member=Component Cch11 Cap-NP
Added Member To Class: ClassName=6th design Member=Component Cch12 Cap-NP
Added Member To Class: ClassName=6th design Member=Component Cch13 Cap-NP
Added Member To Class: ClassName=6th design Member=Component Cch14 Cap-NP
Added Member To Class: ClassName=6th design Member=Component Cch15 Cap-NP
Added Member To Class: ClassName=6th design Member=Component Cch16 Cap-NP
Added Member To Class: ClassName=digipot Member=Component Cd1 Cap-NP
Added Member To Class: ClassName=digipot Member=Component Cd2 Cap-NP
Added Member To Class: ClassName=digipot Member=Component CD3 Cap-NP
Added Member To Class: ClassName=digipot Member=Component Cd4 Cap-NP
Added Member To Class: ClassName=digipot Member=Component Cd5 Cap-NP
Added Member To Class: ClassName=6th design Member=Component CON? SOCKETS TERMINAL BLOCK 2PIN
Added Member To Class: ClassName=digipot Member=Component digipot Header 7
Added Member To Class: ClassName=6th design Member=Component Hch1 H2
Added Member To Class: ClassName=6th design Member=Component Hch2 H2
Added Member To Class: ClassName=6th design Member=Component Hch3 H2
Added Member To Class: ClassName=6th design Member=Component Hch4 H2
Added Member To Class: ClassName=6th design Member=Component Hch5 H2
Added Member To Class: ClassName=6th design Member=Component Hch6 H2
Added Member To Class: ClassName=6th design Member=Component Hch7 H2
Added Member To Class: ClassName=6th design Member=Component Hch8 H2
Added Member To Class: ClassName=6th design Member=Component Hch9 H2
Added Member To Class: ClassName=6th design Member=Component Hch10 H2
Added Member To Class: ClassName=6th design Member=Component Hch11 H2
Added Member To Class: ClassName=6th design Member=Component Hch12 H2
Added Member To Class: ClassName=6th design Member=Component Hch13 H2
Added Member To Class: ClassName=6th design Member=Component Hch14 H2
Added Member To Class: ClassName=6th design Member=Component Hch15 H2
Added Member To Class: ClassName=6th design Member=Component Hch16 H2
Added Member To Class: ClassName=digipot Member=Component Hd1
Added Member To Class: ClassName=digipot Member=Component Hd2
Added Member To Class: ClassName=6th design Member=Component logicCh Header 8X2A
Added Member To Class: ClassName=6th design Member=Component outCh Header 8X2A
Added Member To Class: ClassName=6th design Member=Component Q1ch1 MMBT4401LT1
Added Member To Class: ClassName=6th design Member=Component Q1ch2 MMBT4401LT1
Added Member To Class: ClassName=6th design Member=Component Q1ch3 MMBT4401LT1
Added Member To Class: ClassName=6th design Member=Component Q1ch4 MMBT4401LT1
Added Member To Class: ClassName=6th design Member=Component Q1ch5 MMBT4401LT1
Added Member To Class: ClassName=6th design Member=Component Q1ch6 MMBT4401LT1
Added Member To Class: ClassName=6th design Member=Component Q1ch7 MMBT4401LT1
Added Member To Class: ClassName=6th design Member=Component Q1ch8 MMBT4401LT1
Added Member To Class: ClassName=6th design Member=Component Q1ch9 MMBT4401LT1
Added Member To Class: ClassName=6th design Member=Component Q1ch10 MMBT4401LT1
Added Member To Class: ClassName=6th design Member=Component Q1ch11 MMBT4401LT1
Added Member To Class: ClassName=6th design Member=Component Q1ch12 MMBT4401LT1
Added Member To Class: ClassName=6th design Member=Component Q1ch13 MMBT4401LT1
Added Member To Class: ClassName=6th design Member=Component Q1ch14 MMBT4401LT1
Added Member To Class: ClassName=6th design Member=Component Q1ch15 MMBT4401LT1
Added Member To Class: ClassName=6th design Member=Component Q1ch16 MMBT4401LT1
Added Member To Class: ClassName=6th design Member=Component Q1 MMBT4401LT1
Added Member To Class: ClassName=6th design Member=Component Q2ch1 MMBT4401LT1
Added Member To Class: ClassName=6th design Member=Component Q2ch2 MMBT4401LT1
Added Member To Class: ClassName=6th design Member=Component Q2ch3 MMBT4401LT1
Added Member To Class: ClassName=6th design Member=Component Q2ch4 MMBT4401LT1
Added Member To Class: ClassName=6th design Member=Component Q2ch5 MMBT4401LT1
Added Member To Class: ClassName=6th design Member=Component Q2ch6 MMBT4401LT1
Added Member To Class: ClassName=6th design Member=Component Q2ch7 MMBT4401LT1
Added Member To Class: ClassName=6th design Member=Component Q2ch8 MMBT4401LT1
Added Member To Class: ClassName=6th design Member=Component Q2ch9 MMBT4401LT1
Added Member To Class: ClassName=6th design Member=Component Q2ch10 MMBT4401LT1
Added Member To Class: ClassName=6th design Member=Component Q2ch11 MMBT4401LT1
Added Member To Class: ClassName=6th design Member=Component Q2ch12 MMBT4401LT1
Added Member To Class: ClassName=6th design Member=Component Q2ch13 MMBT4401LT1
Added Member To Class: ClassName=6th design Member=Component Q2ch14 MMBT4401LT1
Added Member To Class: ClassName=6th design Member=Component Q2ch15 MMBT4401LT1
Added Member To Class: ClassName=6th design Member=Component Q2ch16 MMBT4401LT1
Added Member To Class: ClassName=6th design Member=Component Q2 MMBT4401LT1
Added Member To Class: ClassName=6th design Member=Component Q3ch1 MMBT4401LT1
Added Member To Class: ClassName=6th design Member=Component Q3ch2 MMBT4401LT1
Added Member To Class: ClassName=6th design Member=Component Q3ch3 MMBT4401LT1
Added Member To Class: ClassName=6th design Member=Component Q3ch4 MMBT4401LT1
Added Member To Class: ClassName=6th design Member=Component Q3ch5 MMBT4401LT1
Added Member To Class: ClassName=6th design Member=Component Q3ch6 MMBT4401LT1
Added Member To Class: ClassName=6th design Member=Component Q3ch7 MMBT4401LT1
Added Member To Class: ClassName=6th design Member=Component Q3ch8 MMBT4401LT1
Added Member To Class: ClassName=6th design Member=Component Q3ch9 MMBT4401LT1
Added Member To Class: ClassName=6th design Member=Component Q3ch10 MMBT4401LT1
Added Member To Class: ClassName=6th design Member=Component Q3ch11 MMBT4401LT1
Added Member To Class: ClassName=6th design Member=Component Q3ch12 MMBT4401LT1
Added Member To Class: ClassName=6th design Member=Component Q3ch13 MMBT4401LT1
Added Member To Class: ClassName=6th design Member=Component Q3ch14 MMBT4401LT1
Added Member To Class: ClassName=6th design Member=Component Q3ch15 MMBT4401LT1
Added Member To Class: ClassName=6th design Member=Component Q3ch16 MMBT4401LT1
Added Member To Class: ClassName=6th design Member=Component R1ch1 Res
Added Member To Class: ClassName=6th design Member=Component R1ch2 Res
Added Member To Class: ClassName=6th design Member=Component R1ch3 Res
Added Member To Class: ClassName=6th design Member=Component R1ch4 Res
Added Member To Class: ClassName=6th design Member=Component R1ch5 Res
Added Member To Class: ClassName=6th design Member=Component R1ch6 Res
Added Member To Class: ClassName=6th design Member=Component R1ch7 Res
Added Member To Class: ClassName=6th design Member=Component R1ch8 Res
Added Member To Class: ClassName=6th design Member=Component R1ch9 Res
Added Member To Class: ClassName=6th design Member=Component R1ch10 Res
Added Member To Class: ClassName=6th design Member=Component R1ch11 Res
Added Member To Class: ClassName=6th design Member=Component R1ch12 Res
Added Member To Class: ClassName=6th design Member=Component R1ch13 Res
Added Member To Class: ClassName=6th design Member=Component R1ch14 Res
Added Member To Class: ClassName=6th design Member=Component R1ch15 Res
Added Member To Class: ClassName=6th design Member=Component R1ch16 Res
Added Member To Class: ClassName=step-up Member=Component R1 ERJ-A1BJ1R2U
Added Member To Class: ClassName=digipot Member=Component Rd1 Res
Added Member To Class: ClassName=digipot Member=Component Rd2 Res
Added Member To Class: ClassName=digipot Member=Component U3 AD5292BRUZ-100-N
Added Room: Name=6th design
Added Room: Name=digipot
Added Room: Name=step-up
