Added Component: Designator=C1(CC2012-0805)
Added Component: Designator=C2(CC2012-0805)
Added Component: Designator=C3(CC2012-0805)
Added Component: Designator=CD1(CC2012-0805)
Added Component: Designator=CD2(CC2012-0805)
Added Component: Designator=CD3(CC2012-0805)
Added Component: Designator=CD4(CC2012-0805)
Added Component: Designator=CD5(CC2012-0805)
Added Component: Designator=Co(CC2012-0805)
Added Component: Designator=Cs1(CC2012-0805)
Added Component: Designator=Cs2(CC2012-0805)
Added Component: Designator=Cs3(CC2012-0805)
Added Component: Designator=Ct(CC2012-0805)
Added Component: Designator=D1(D1N40XX)
Added Component: Designator=H1(HDR1X2)
Added Component: Designator=H2(HDR1X2)
Added Component: Designator=HD1(HDR1X2)
Added Component: Designator=HD2(HDR1X2)
Added Component: Designator=logicCh(HDR2X8_CEN)
Added Component: Designator=L(PCBComponent_1)
Added Component: Designator=NPN1(MMBT3904T)
Added Component: Designator=NPN2(MMBT3904T)
Added Component: Designator=NPN3(MMBT3904T)
Added Component: Designator=NPN4(MMBT3904T)
Added Component: Designator=NPN5(MMBT3904T)
Added Component: Designator=outCh(HDR2X8_CEN)
Added Component: Designator=P1(HDR1X7)
Added Component: Designator=P2(HDR1X2)
Added Component: Designator=R1(CC2012-0805)
Added Component: Designator=R2(CC2012-0805)
Added Component: Designator=R3(CC2012-0805)
Added Component: Designator=R4(CC2012-0805)
Added Component: Designator=RD1(CC2012-0805)
Added Component: Designator=RD2(CC2012-0805)
Added Component: Designator=Rp(VR_MUL-V)
Added Component: Designator=Rs1(CC2012-0805)
Added Component: Designator=Rs2(CC2012-0805)
Added Component: Designator=Rs4(CC2012-0805)
Added Component: Designator=Rsc(CC2012-0805)
Added Component: Designator=U3(RU_14)
Added Component: Designator=U?(DIP8L)
Added Pin To Net: NetName=LOGICCH1 Pin=C1-1
Added Pin To Net: NetName=GND Pin=C1-2
Added Pin To Net: NetName=LOGICCH1 Pin=C2-1
Added Pin To Net: NetName=GND Pin=C2-2
Added Pin To Net: NetName=NetC3_1 Pin=C3-1
Added Pin To Net: NetName=NetC3_2 Pin=C3-2
Added Pin To Net: NetName=3V Pin=CD1-1
Added Pin To Net: NetName=GND Pin=CD1-2
Added Pin To Net: NetName=3V Pin=CD2-1
Added Pin To Net: NetName=GND Pin=CD2-2
Added Pin To Net: NetName=GND Pin=CD3-1
Added Pin To Net: NetName=NetCD3_2 Pin=CD3-2
Added Pin To Net: NetName=GND Pin=CD4-1
Added Pin To Net: NetName=GND Pin=CD5-1
Added Pin To Net: NetName=19V Pin=CD5-2
Added Pin To Net: NetName=GND Pin=Co-1
Added Pin To Net: NetName=NetCo_2 Pin=Co-2
Added Pin To Net: NetName=GND Pin=Cs1-1
Added Pin To Net: NetName=5V Pin=Cs1-2
Added Pin To Net: NetName=5V Pin=Cs2-1
Added Pin To Net: NetName=GND Pin=Cs2-2
Added Pin To Net: NetName=5V Pin=Cs3-1
Added Pin To Net: NetName=GND Pin=Cs3-2
Added Pin To Net: NetName=GND Pin=Ct-1
Added Pin To Net: NetName=NetCt_2 Pin=Ct-2
Added Pin To Net: NetName=NetCo_2 Pin=D1-1
Added Pin To Net: NetName=NetD1_2 Pin=D1-2
Added Pin To Net: NetName=NetC3_1 Pin=H1-1
Added Pin To Net: NetName=NetH1_2 Pin=H1-2
Added Pin To Net: NetName=NetC3_2 Pin=H2-1
Added Pin To Net: NetName=NetH2_2 Pin=H2-2
Added Pin To Net: NetName=NetHD1_1 Pin=HD1-1
Added Pin To Net: NetName=RIN Pin=HD1-2
Added Pin To Net: NetName=NetHD2_1 Pin=HD2-1
Added Pin To Net: NetName=ROUT Pin=HD2-2
Added Pin To Net: NetName=NetD1_2 Pin=L-1
Added Pin To Net: NetName=NetL_2 Pin=L-2
Added Pin To Net: NetName=LOGICCH1 Pin=logicCh-1
Added Pin To Net: NetName=NetNPN1_1 Pin=NPN1-1
Added Pin To Net: NetName=NetNPN1_2 Pin=NPN1-2
Added Pin To Net: NetName=RIN Pin=NPN1-3
Added Pin To Net: NetName=ROUT Pin=NPN2-1
Added Pin To Net: NetName=ROUT Pin=NPN2-2
Added Pin To Net: NetName=GND Pin=NPN2-3
Added Pin To Net: NetName=NetNPN3_1 Pin=NPN3-1
Added Pin To Net: NetName=ROUT Pin=NPN3-2
Added Pin To Net: NetName=NetH1_2 Pin=NPN3-3
Added Pin To Net: NetName=NetC3_1 Pin=NPN4-1
Added Pin To Net: NetName=NetNPN4_2 Pin=NPN4-2
Added Pin To Net: NetName=GND Pin=NPN4-3
Added Pin To Net: NetName=NetNPN4_2 Pin=NPN5-1
Added Pin To Net: NetName=NetNPN1_2 Pin=NPN5-2
Added Pin To Net: NetName=GND Pin=NPN5-3
Added Pin To Net: NetName=NetH2_2 Pin=outCh-16
Added Pin To Net: NetName=MOSI Pin=P1-1
Added Pin To Net: NetName=CLK Pin=P1-2
Added Pin To Net: NetName=CS Pin=P1-3
Added Pin To Net: NetName=MISO Pin=P1-4
Added Pin To Net: NetName=RDY Pin=P1-5
Added Pin To Net: NetName=3V Pin=P1-6
Added Pin To Net: NetName=GND Pin=P1-7
Added Pin To Net: NetName=5V Pin=P2-1
Added Pin To Net: NetName=GND Pin=P2-2
Added Pin To Net: NetName=NetNPN1_2 Pin=R1-1
Added Pin To Net: NetName=LOGICCH1 Pin=R1-2
Added Pin To Net: NetName=NetNPN1_1 Pin=R2-1
Added Pin To Net: NetName=5V Pin=R2-2
Added Pin To Net: NetName=NetNPN4_2 Pin=R3-1
Added Pin To Net: NetName=5V Pin=R3-2
Added Pin To Net: NetName=GND Pin=R4-1
Added Pin To Net: NetName=NetC3_2 Pin=R4-2
Added Pin To Net: NetName=RDY Pin=RD1-1
Added Pin To Net: NetName=3V Pin=RD1-2
Added Pin To Net: NetName=3V Pin=RD2-1
Added Pin To Net: NetName=MISO Pin=RD2-2
Added Pin To Net: NetName=NetRp_1 Pin=Rp-1
Added Pin To Net: NetName=NetCo_2 Pin=Rp-3
Added Pin To Net: NetName=GND Pin=Rs1-1
Added Pin To Net: NetName=NetRs1_2 Pin=Rs1-2
Added Pin To Net: NetName=NetRp_1 Pin=Rs2-1
Added Pin To Net: NetName=NetRs1_2 Pin=Rs2-2
Added Pin To Net: NetName=NetRs4_1 Pin=Rs4-1
Added Pin To Net: NetName=NetL_2 Pin=Rs4-2
Added Pin To Net: NetName=5V Pin=Rsc-1
Added Pin To Net: NetName=NetL_2 Pin=Rsc-2
Added Pin To Net: NetName=3V Pin=U3-1
Added Pin To Net: NetName=GND Pin=U3-2
Added Pin To Net: NetName=NetHD2_1 Pin=U3-4
Added Pin To Net: NetName=NetHD1_1 Pin=U3-5
Added Pin To Net: NetName=19V Pin=U3-6
Added Pin To Net: NetName=NetCD3_2 Pin=U3-7
Added Pin To Net: NetName=3V Pin=U3-8
Added Pin To Net: NetName=GND Pin=U3-9
Added Pin To Net: NetName=MOSI Pin=U3-10
Added Pin To Net: NetName=CLK Pin=U3-11
Added Pin To Net: NetName=CS Pin=U3-12
Added Pin To Net: NetName=MISO Pin=U3-13
Added Pin To Net: NetName=RDY Pin=U3-14
Added Pin To Net: NetName=NetD1_2 Pin=U?-1
Added Pin To Net: NetName=GND Pin=U?-2
Added Pin To Net: NetName=NetCt_2 Pin=U?-3
Added Pin To Net: NetName=GND Pin=U?-4
Added Pin To Net: NetName=NetRs1_2 Pin=U?-5
Added Pin To Net: NetName=5V Pin=U?-6
Added Pin To Net: NetName=NetL_2 Pin=U?-7
Added Pin To Net: NetName=NetRs4_1 Pin=U?-8
Added Member To Class: ClassName=4nd design Member=Component C1 Cap-NP
Added Member To Class: ClassName=4nd design Member=Component C2 Cap-NP
Added Member To Class: ClassName=4nd design Member=Component C3 Cap-NP
Added Member To Class: ClassName=4nd design Member=Component CD1 Cap-NP
Added Member To Class: ClassName=4nd design Member=Component CD2 Cap-NP
Added Member To Class: ClassName=4nd design Member=Component CD3 Cap-NP
Added Member To Class: ClassName=4nd design Member=Component CD4 Cap-NP
Added Member To Class: ClassName=4nd design Member=Component CD5 Cap-NP
Added Member To Class: ClassName=Step-Up Converter Member=Component Co Cap-NP
Added Member To Class: ClassName=Step-Up Converter Member=Component Cs1 Cap-NP
Added Member To Class: ClassName=Step-Up Converter Member=Component Cs2 Cap-NP
Added Member To Class: ClassName=Step-Up Converter Member=Component Cs3 Cap-NP
Added Member To Class: ClassName=Step-Up Converter Member=Component Ct Cap-NP
Added Member To Class: ClassName=Step-Up Converter Member=Component D1 DIODE
Added Member To Class: ClassName=4nd design Member=Component H1 Header 1
Added Member To Class: ClassName=4nd design Member=Component H2 Header 2
Added Member To Class: ClassName=4nd design Member=Component HD1
Added Member To Class: ClassName=4nd design Member=Component HD2
Added Member To Class: ClassName=4nd design Member=Component logicCh Header 8X2A
Added Member To Class: ClassName=Step-Up Converter Member=Component L Component_1
Added Member To Class: ClassName=4nd design Member=Component NPN1 MMBT3904T
Added Member To Class: ClassName=4nd design Member=Component NPN2 MMBT3904T
Added Member To Class: ClassName=4nd design Member=Component NPN3 MMBT3904T
Added Member To Class: ClassName=4nd design Member=Component NPN4 MMBT3904T
Added Member To Class: ClassName=4nd design Member=Component NPN5 MMBT3904T
Added Member To Class: ClassName=4nd design Member=Component outCh Header 8X2A
Added Member To Class: ClassName=4nd design Member=Component P1 Header 7
Added Member To Class: ClassName=4nd design Member=Component P2 Header 2
Added Member To Class: ClassName=4nd design Member=Component R1 Res
Added Member To Class: ClassName=4nd design Member=Component R2 Res
Added Member To Class: ClassName=4nd design Member=Component R3 Res
Added Member To Class: ClassName=4nd design Member=Component R4 Res
Added Member To Class: ClassName=4nd design Member=Component RD1 Res
Added Member To Class: ClassName=4nd design Member=Component RD2 Res
Added Member To Class: ClassName=Step-Up Converter Member=Component Rp RPot
Added Member To Class: ClassName=Step-Up Converter Member=Component Rs1 Res
Added Member To Class: ClassName=Step-Up Converter Member=Component Rs2 Res
Added Member To Class: ClassName=Step-Up Converter Member=Component Rs4 Res
Added Member To Class: ClassName=Step-Up Converter Member=Component Rsc Res
Added Member To Class: ClassName=4nd design Member=Component U3 AD5292BRUZ-100-N
Added Member To Class: ClassName=Step-Up Converter Member=Component U? DS1307
Added Room: Name=4nd design
Added Room: Name=Step-Up Converter
