Added Component: Designator=C1(CC2012-0805)
Added Component: Designator=C1(CC2012-0805)
Added Component: Designator=C2(CC2012-0805)
Added Component: Designator=C2(CC2012-0805)
Added Component: Designator=C3(CC2012-0805)
Added Component: Designator=C3(CC2012-0805)
Added Component: Designator=C4(CC2012-0805)
Added Component: Designator=C5(CC2012-0805)
Added Component: Designator=C6(CC2012-0805)
Added Component: Designator=C7(CC2012-0805)
Added Component: Designator=C8(CC2012-0805)
Added Component: Designator=Co(CC2012-0805)
Added Component: Designator=Ct(CC2012-0805)
Added Component: Designator=D1(D1N40XX)
Added Component: Designator=DG1B(HDR1X2)
Added Component: Designator=DG1B(HDR1X2)
Added Component: Designator=DG1B(HDR1X2)
Added Component: Designator=L?(PCBComponent_1)
Added Component: Designator=NPN1(MMBT3904T)
Added Component: Designator=NPN2(MMBT3904T)
Added Component: Designator=NPN3(MMBT3904T)
Added Component: Designator=NPN4(MMBT3904T)
Added Component: Designator=NPN5(MMBT3904T)
Added Component: Designator=P?(HDR2X8_CEN)
Added Component: Designator=R1(CC2012-0805)
Added Component: Designator=R1(CC2012-0805)
Added Component: Designator=R1(CC2012-0805)
Added Component: Designator=R2(CC2012-0805)
Added Component: Designator=R2(CC2012-0805)
Added Component: Designator=R3(CC2012-0805)
Added Component: Designator=R4(CC2012-0805)
Added Component: Designator=R4(CC2012-0805)
Added Component: Designator=R5(CC2012-0805)
Added Component: Designator=Rp(VR_MUL-V)
Added Component: Designator=Rsc(CC2012-0805)
Added Component: Designator=U3(RU_14)
Added Component: Designator=U?(DIP8L)
Added Pin To Net: NetName=GND Pin=C1-1
Added Pin To Net: NetName=GND Pin=C1-2
Added Pin To Net: NetName=GND Pin=C2-2
Added Pin To Net: NetName=GND Pin=C2-2
Added Pin To Net: NetName=GND Pin=C3-2
Added Pin To Net: NetName=GND Pin=C4-2
Added Pin To Net: NetName=GND Pin=C5-2
Added Pin To Net: NetName=GND Pin=C6-1
Added Pin To Net: NetName=GND Pin=C7-1
Added Pin To Net: NetName=GND Pin=C8-1
Added Pin To Net: NetName=GND Pin=Co-1
Added Pin To Net: NetName=GND Pin=Ct-1
Added Pin To Net: NetName=NetCt_2 Pin=Ct-2
Added Pin To Net: NetName=NetD1_2 Pin=D1-2
Added Pin To Net: NetName=NetD1_2 Pin=L?-1
Added Pin To Net: NetName=NetL?_2 Pin=L?-2
Added Pin To Net: NetName=GND Pin=NPN4-3
Added Pin To Net: NetName=GND Pin=NPN5-3
Added Pin To Net: NetName=GND Pin=R1-1
Added Pin To Net: NetName=NetR1_2 Pin=R1-2
Added Pin To Net: NetName=NetR2_1 Pin=R2-1
Added Pin To Net: NetName=NetR1_2 Pin=R2-2
Added Pin To Net: NetName=GND Pin=R4-1
Added Pin To Net: NetName=NetR4_1 Pin=R4-1
Added Pin To Net: NetName=NetL?_2 Pin=R4-2
Added Pin To Net: NetName=NetR2_1 Pin=Rp-1
Added Pin To Net: NetName=NetL?_2 Pin=Rsc-2
Added Pin To Net: NetName=GND Pin=U3-2
Added Pin To Net: NetName=GND Pin=U3-9
Added Pin To Net: NetName=NetD1_2 Pin=U?-1
Added Pin To Net: NetName=GND Pin=U?-2
Added Pin To Net: NetName=NetCt_2 Pin=U?-3
Added Pin To Net: NetName=GND Pin=U?-4
Added Pin To Net: NetName=NetR1_2 Pin=U?-5
Added Pin To Net: NetName=NetL?_2 Pin=U?-7
Added Pin To Net: NetName=NetR4_1 Pin=U?-8
Added Pin To Net: NetName=5V Pin=C1-2
Added Pin To Net: NetName=5V Pin=C2-1
Added Pin To Net: NetName=5V Pin=C3-1
Added Pin To Net: NetName=5V Pin=Rsc-1
Added Pin To Net: NetName=5V Pin=U?-6
Added Net: Name=5V
Added Pin To Net: NetName=19V Pin=Co-2
Added Pin To Net: NetName=19V Pin=D1-1
Added Pin To Net: NetName=19V Pin=Rp-3
Added Net: Name=19V
Added Pin To Net: NetName=CLK Pin=U3-11
Added Net: Name=CLK
Added Pin To Net: NetName=CS Pin=U3-12
Added Net: Name=CS
Added Pin To Net: NetName=LOGIC Pin=C1-1
Added Pin To Net: NetName=LOGIC Pin=C2-1
Added Pin To Net: NetName=LOGIC Pin=R1-2
Added Net: Name=LOGIC
Added Pin To Net: NetName=MISO Pin=R5-2
Added Pin To Net: NetName=MISO Pin=U3-13
Added Net: Name=MISO
Added Pin To Net: NetName=MOSI Pin=U3-10
Added Net: Name=MOSI
Added Pin To Net: NetName=NetC3_1 Pin=C3-1
Added Pin To Net: NetName=NetC3_1 Pin=DG1B-1
Added Pin To Net: NetName=NetC3_1 Pin=NPN4-1
Added Net: Name=NetC3_1
Added Pin To Net: NetName=NetC8_2 Pin=C8-2
Added Pin To Net: NetName=NetC8_2 Pin=U3-7
Added Net: Name=NetC8_2
Added Pin To Net: NetName=NetDG1B_1 Pin=DG1B-1
Added Pin To Net: NetName=NetDG1B_1 Pin=U3-4
Added Net: Name=NetDG1B_1
Added Pin To Net: NetName=NetDG1B_2 Pin=DG1B-2
Added Pin To Net: NetName=NetDG1B_2 Pin=NPN3-3
Added Net: Name=NetDG1B_2
Added Pin To Net: NetName=NetNPN1_1 Pin=NPN1-1
Added Pin To Net: NetName=NetNPN1_1 Pin=R2-1
Added Net: Name=NetNPN1_1
Added Pin To Net: NetName=NetNPN1_2 Pin=NPN1-2
Added Pin To Net: NetName=NetNPN1_2 Pin=NPN5-2
Added Pin To Net: NetName=NetNPN1_2 Pin=R1-1
Added Net: Name=NetNPN1_2
Added Pin To Net: NetName=NetNPN4_2 Pin=NPN4-2
Added Pin To Net: NetName=NetNPN4_2 Pin=NPN5-1
Added Pin To Net: NetName=NetNPN4_2 Pin=R3-1
Added Net: Name=NetNPN4_2
Added Pin To Net: NetName=OUT Pin=C3-2
Added Pin To Net: NetName=OUT Pin=P?-1
Added Pin To Net: NetName=OUT Pin=R4-2
Added Net: Name=OUT
Added Pin To Net: NetName=RDY Pin=R1-1
Added Pin To Net: NetName=RDY Pin=U3-14
Added Net: Name=RDY
Added Class: Name=4nd design
Added Class: Name=Sheet2
Added Member To Class: ClassName=Step-Up Converter Member=Component C1 Cap-NP
Added Member To Class: ClassName=Step-Up Converter Member=Component C2 Cap-NP
Added Member To Class: ClassName=Step-Up Converter Member=Component C3 Cap-NP
Added Member To Class: ClassName=Step-Up Converter Member=Component Co Cap-NP
Added Member To Class: ClassName=Step-Up Converter Member=Component Ct Cap-NP
Added Member To Class: ClassName=Step-Up Converter Member=Component D1 DIODE
Added Member To Class: ClassName=Step-Up Converter Member=Component L? Component_1
Added Member To Class: ClassName=Step-Up Converter Member=Component R1 Res
Added Member To Class: ClassName=Step-Up Converter Member=Component R2 Res
Added Member To Class: ClassName=Step-Up Converter Member=Component R4 Res
Added Member To Class: ClassName=Step-Up Converter Member=Component Rp RPot
Added Member To Class: ClassName=Step-Up Converter Member=Component Rsc Res
Added Member To Class: ClassName=Step-Up Converter Member=Component U? DS1307
Added Room: Name=4nd design
Added Room: Name=Sheet2
Added Room: Name=Step-Up Converter
