Removed Pin From Net: NetName=GND Pin=C1-2
Removed Pin From Net: NetName=GND Pin=C2-2
Removed Pin From Net: NetName=GND Pin=CD1-2
Removed Pin From Net: NetName=GND Pin=CD2-2
Removed Pin From Net: NetName=GND Pin=CD3-1
Removed Pin From Net: NetName=GND Pin=CD4-1
Removed Pin From Net: NetName=GND Pin=CD5-1
Removed Pin From Net: NetName=GND Pin=NPN2-3
Removed Pin From Net: NetName=GND Pin=NPN4-3
Removed Pin From Net: NetName=GND Pin=NPN5-3
Removed Pin From Net: NetName=GND Pin=P1-7
Removed Pin From Net: NetName=5V Pin=P2-1
Removed Pin From Net: NetName=GND Pin=P2-2
Removed Pin From Net: NetName=5V Pin=R2-2
Removed Pin From Net: NetName=5V Pin=R3-2
Removed Pin From Net: NetName=GND Pin=R4-1
Removed Pin From Net: NetName=GND Pin=U3-2
Removed Pin From Net: NetName=GND Pin=U3-9
Change Net Name : Old Net Name=19V New Net Name=NetCo_2
Added Room: Name=Step-Up Converter
